<?xml version="1.0" encoding="UTF-8"?>
<testsuite xmlns:xsi="http://www.w3.org/2001/XMLSchema-instance" xsi:noNamespaceSchemaLocation="https://maven.apache.org/surefire/maven-surefire-plugin/xsd/surefire-test-report.xsd" version="3.0.2" name="com.mohitul.blog_apps_demo.BlogAppsDemoApplicationTests" time="4.336" tests="1" errors="0" skipped="0" failures="0">
  <properties>
[...]
</properties>
  <testcase name="contextLoads" classname="com.mohitul.blog_apps_demo.BlogAppsDemoApplicationTests" time="0.409">
    <system-out><![CDATA[06:03:47.078 [main] INFO org.springframework.test.context.support.AnnotationConfigContextLoaderUtils -- Could not detect default configuration classes for test class [com.mohitul.blog_apps_demo.BlogAppsDemoApplicationTests]: BlogAppsDemoApplicationTests does not declare any static, non-private, non-final, nested classes annotated with @Configuration.
06:03:47.174 [main] INFO org.springframework.boot.test.context.SpringBootTestContextBootstrapper -- Found @SpringBootConfiguration com.mohitul.blog_apps_demo.BlogAppsDemoApplication for test class com.mohitul.blog_apps_demo.BlogAppsDemoApplicationTests
06:03:47.315 [main] INFO org.springframework.boot.devtools.restart.RestartApplicationListener -- Restart disabled due to context in which it is running

  .   ____          _            __ _ _
 /\\ / ___'_ __ _ _(_)_ __  __ _ \ \ \ \
( ( )\___ | '_ | '_| | '_ \/ _` | \ \ \ \
 \\/  ___)| |_)| | | | | || (_| |  ) ) ) )
  '  |____| .__|_| |_|_| |_\__, | / / / /
 =========|_|==============|___/=/_/_/_/

 :: Spring Boot ::       (v3.4.0-SNAPSHOT)

2024-09-03T06:03:47.554+06:00  INFO 94996 --- [blog-apps-demo] [           main] c.m.b.BlogAppsDemoApplicationTests       : Starting BlogAppsDemoApplicationTests using Java 21.0.2 with PID 94996 (started by grio in /media/grio/tutorials/githubclone/SpringBoot-Playground/blog_application)
2024-09-03T06:03:47.555+06:00  INFO 94996 --- [blog-apps-demo] [           main] c.m.b.BlogAppsDemoApplicationTests       : No active profile set, falling back to 1 default profile: "default"
2024-09-03T06:03:48.133+06:00  INFO 94996 --- [blog-apps-demo] [           main] .s.d.r.c.RepositoryConfigurationDelegate : Bootstrapping Spring Data JPA repositories in DEFAULT mode.
2024-09-03T06:03:48.182+06:00  INFO 94996 --- [blog-apps-demo] [           main] .s.d.r.c.RepositoryConfigurationDelegate : Finished Spring Data repository scanning in 42 ms. Found 1 JPA repository interface.
2024-09-03T06:03:48.598+06:00  INFO 94996 --- [blog-apps-demo] [           main] o.hibernate.jpa.internal.util.LogHelper  : HHH000204: Processing PersistenceUnitInfo [name: default]
2024-09-03T06:03:48.658+06:00  INFO 94996 --- [blog-apps-demo] [           main] org.hibernate.Version                    : HHH000412: Hibernate ORM core version 6.6.0.Final
2024-09-03T06:03:48.687+06:00  INFO 94996 --- [blog-apps-demo] [           main] o.h.c.internal.RegionFactoryInitiator    : HHH000026: Second-level cache disabled
2024-09-03T06:03:49.004+06:00  INFO 94996 --- [blog-apps-demo] [           main] o.s.o.j.p.SpringPersistenceUnitInfo      : No LoadTimeWeaver setup: ignoring JPA class transformer
2024-09-03T06:03:49.037+06:00  INFO 94996 --- [blog-apps-demo] [           main] com.zaxxer.hikari.HikariDataSource       : HikariPool-1 - Starting...
2024-09-03T06:03:49.296+06:00  INFO 94996 --- [blog-apps-demo] [           main] com.zaxxer.hikari.pool.HikariPool        : HikariPool-1 - Added connection org.postgresql.jdbc.PgConnection@6f24ce45
2024-09-03T06:03:49.298+06:00  INFO 94996 --- [blog-apps-demo] [           main] com.zaxxer.hikari.HikariDataSource       : HikariPool-1 - Start completed.
2024-09-03T06:03:49.331+06:00  WARN 94996 --- [blog-apps-demo] [           main] org.hibernate.orm.deprecation            : HHH90000025: PostgreSQLDialect does not need to be specified explicitly using 'hibernate.dialect' (remove the property setting and it will be selected by default)
2024-09-03T06:03:49.355+06:00  INFO 94996 --- [blog-apps-demo] [           main] org.hibernate.orm.connections.pooling    : HHH10001005: Database info:
	Database JDBC URL [Connecting through datasourcenull]
	Database driver: undefined/unknown
	Database version: 16.4
	Autocommit mode: undefined/unknown
	Isolation level: undefined/unknown
	Minimum pool size: undefined/unknown
	Maximum pool size: undefined/unknown
2024-09-03T06:03:50.103+06:00  INFO 94996 --- [blog-apps-demo] [           main] o.h.e.t.j.p.i.JtaPlatformInitiator       : HHH000489: No JTA platform available (set 'hibernate.transaction.jta.platform' to enable JTA platform integration)
2024-09-03T06:03:50.138+06:00  INFO 94996 --- [blog-apps-demo] [           main] j.LocalContainerEntityManagerFactoryBean : Initialized JPA EntityManagerFactory for persistence unit 'default'
2024-09-03T06:03:50.518+06:00  WARN 94996 --- [blog-apps-demo] [           main] JpaBaseConfiguration$JpaWebConfiguration : spring.jpa.open-in-view is enabled by default. Therefore, database queries may be performed during view rendering. Explicitly configure spring.jpa.open-in-view to disable this warning
2024-09-03T06:03:50.854+06:00  INFO 94996 --- [blog-apps-demo] [           main] c.m.b.BlogAppsDemoApplicationTests       : Started BlogAppsDemoApplicationTests in 3.553 seconds (process running for 4.313)
]]></system-out>
    <system-err><![CDATA[WARNING: A Java agent has been loaded dynamically (/home/grio/.m2/repository/net/bytebuddy/byte-buddy-agent/1.14.19/byte-buddy-agent-1.14.19.jar)
WARNING: If a serviceability tool is in use, please run with -XX:+EnableDynamicAgentLoading to hide this warning
WARNING: If a serviceability tool is not in use, please run with -Djdk.instrument.traceUsage for more information
WARNING: Dynamic loading of agents will be disallowed by default in a future release
]]></system-err>
  </testcase>
</testsuite>